0 info it worked if it ends with ok
1 verbose cli [ '/Users/Toily/.nvm/v4.2.2/bin/node',
1 verbose cli   '/usr/local/bin/npm',
1 verbose cli   'start' ]
2 info using npm@2.0.0-alpha-5
3 info using node@v4.2.2
4 verbose run-script [ 'prestart', 'start', 'poststart' ]
5 info prestart gdljs@0.0.0
6 info start gdljs@0.0.0
7 verbose unsafe-perm in lifecycle true
8 info gdljs@0.0.0 Failed to exec start script
9 error gdljs@0.0.0 start: `node bin/app.js`
9 error Exit status 1
10 error Failed at the gdljs@0.0.0 start script.
10 error This is most likely a problem with the gdljs package,
10 error not with npm itself.
10 error Tell the author that this fails on your system:
10 error     node bin/app.js
10 error You can get their info via:
10 error     npm owner ls gdljs
10 error There is likely additional logging output above.
11 error System Darwin 15.6.0
12 error command "/Users/Toily/.nvm/v4.2.2/bin/node" "/usr/local/bin/npm" "start"
13 error cwd /Users/Toily/code/gdljs
14 error node -v v4.2.2
15 error npm -v 2.0.0-alpha-5
16 error code ELIFECYCLE
17 verbose exit [ 1, true ]
